[0.863s] Invoking command in '/home/wojtek/pbl/pbl-ford-ka/ros2_ws/src/gps': PYTHONPATH=/home/wojtek/pbl/pbl-ford-ka/ros2_ws/src/gps/build/gps/prefix_override:/home/wojtek/pbl/pbl-ford-ka/ros2_ws/src/gps/install/gps/lib/python3.10/site-packages:${PYTHONPATH} /usr/bin/python3 setup.py egg_info --egg-base build/gps build --build-base /home/wojtek/pbl/pbl-ford-ka/ros2_ws/src/gps/build/gps/build install --record /home/wojtek/pbl/pbl-ford-ka/ros2_ws/src/gps/build/gps/install.log --single-version-externally-managed
[1.175s] running egg_info
[1.175s] creating build/gps/gps.egg-info
[1.175s] writing build/gps/gps.egg-info/PKG-INFO
[1.176s] writing dependency_links to build/gps/gps.egg-info/dependency_links.txt
[1.176s] writing entry points to build/gps/gps.egg-info/entry_points.txt
[1.177s] writing requirements to build/gps/gps.egg-info/requires.txt
[1.177s] writing top-level names to build/gps/gps.egg-info/top_level.txt
[1.177s] writing manifest file 'build/gps/gps.egg-info/SOURCES.txt'
[1.180s] reading manifest file 'build/gps/gps.egg-info/SOURCES.txt'
[1.180s] writing manifest file 'build/gps/gps.egg-info/SOURCES.txt'
[1.181s] running build
[1.181s] running build_py
[1.181s] creating /home/wojtek/pbl/pbl-ford-ka/ros2_ws/src/gps/build/gps/build
[1.181s] creating /home/wojtek/pbl/pbl-ford-ka/ros2_ws/src/gps/build/gps/build/lib
[1.182s] creating /home/wojtek/pbl/pbl-ford-ka/ros2_ws/src/gps/build/gps/build/lib/gps
[1.182s] copying gps/__init__.py -> /home/wojtek/pbl/pbl-ford-ka/ros2_ws/src/gps/build/gps/build/lib/gps
[1.182s] copying gps/ka_utils.py -> /home/wojtek/pbl/pbl-ford-ka/ros2_ws/src/gps/build/gps/build/lib/gps
[1.182s] copying gps/position_subscriber.py -> /home/wojtek/pbl/pbl-ford-ka/ros2_ws/src/gps/build/gps/build/lib/gps
[1.182s] copying gps/position_publisher.py -> /home/wojtek/pbl/pbl-ford-ka/ros2_ws/src/gps/build/gps/build/lib/gps
[1.182s] running install
[1.182s] /usr/lib/python3/dist-packages/setuptools/command/install.py:34: SetuptoolsDeprecationWarning: setup.py install is deprecated. Use build and pip and other standards-based tools.
[1.182s]   warnings.warn(
[1.183s] running install_lib
[1.183s] creating /home/wojtek/pbl/pbl-ford-ka/ros2_ws/src/gps/install/gps/lib/python3.10/site-packages/gps
[1.184s] copying /home/wojtek/pbl/pbl-ford-ka/ros2_ws/src/gps/build/gps/build/lib/gps/__init__.py -> /home/wojtek/pbl/pbl-ford-ka/ros2_ws/src/gps/install/gps/lib/python3.10/site-packages/gps
[1.184s] copying /home/wojtek/pbl/pbl-ford-ka/ros2_ws/src/gps/build/gps/build/lib/gps/ka_utils.py -> /home/wojtek/pbl/pbl-ford-ka/ros2_ws/src/gps/install/gps/lib/python3.10/site-packages/gps
[1.184s] copying /home/wojtek/pbl/pbl-ford-ka/ros2_ws/src/gps/build/gps/build/lib/gps/position_subscriber.py -> /home/wojtek/pbl/pbl-ford-ka/ros2_ws/src/gps/install/gps/lib/python3.10/site-packages/gps
[1.184s] copying /home/wojtek/pbl/pbl-ford-ka/ros2_ws/src/gps/build/gps/build/lib/gps/position_publisher.py -> /home/wojtek/pbl/pbl-ford-ka/ros2_ws/src/gps/install/gps/lib/python3.10/site-packages/gps
[1.185s] byte-compiling /home/wojtek/pbl/pbl-ford-ka/ros2_ws/src/gps/install/gps/lib/python3.10/site-packages/gps/__init__.py to __init__.cpython-310.pyc
[1.185s] byte-compiling /home/wojtek/pbl/pbl-ford-ka/ros2_ws/src/gps/install/gps/lib/python3.10/site-packages/gps/ka_utils.py to ka_utils.cpython-310.pyc
[1.185s] byte-compiling /home/wojtek/pbl/pbl-ford-ka/ros2_ws/src/gps/install/gps/lib/python3.10/site-packages/gps/position_subscriber.py to position_subscriber.cpython-310.pyc
[1.186s] byte-compiling /home/wojtek/pbl/pbl-ford-ka/ros2_ws/src/gps/install/gps/lib/python3.10/site-packages/gps/position_publisher.py to position_publisher.cpython-310.pyc
[1.186s] running install_data
[1.187s] creating /home/wojtek/pbl/pbl-ford-ka/ros2_ws/src/gps/install/gps/share/ament_index
[1.187s] creating /home/wojtek/pbl/pbl-ford-ka/ros2_ws/src/gps/install/gps/share/ament_index/resource_index
[1.187s] creating /home/wojtek/pbl/pbl-ford-ka/ros2_ws/src/gps/install/gps/share/ament_index/resource_index/packages
[1.187s] copying resource/gps -> /home/wojtek/pbl/pbl-ford-ka/ros2_ws/src/gps/install/gps/share/ament_index/resource_index/packages
[1.188s] copying package.xml -> /home/wojtek/pbl/pbl-ford-ka/ros2_ws/src/gps/install/gps/share/gps
[1.188s] running install_egg_info
[1.190s] Copying build/gps/gps.egg-info to /home/wojtek/pbl/pbl-ford-ka/ros2_ws/src/gps/install/gps/lib/python3.10/site-packages/gps-0.0.0-py3.10.egg-info
[1.191s] running install_scripts
[1.220s] Installing listener script to /home/wojtek/pbl/pbl-ford-ka/ros2_ws/src/gps/install/gps/lib/gps
[1.220s] Installing talker script to /home/wojtek/pbl/pbl-ford-ka/ros2_ws/src/gps/install/gps/lib/gps
[1.220s] writing list of installed files to '/home/wojtek/pbl/pbl-ford-ka/ros2_ws/src/gps/build/gps/install.log'
[1.258s] Invoked command in '/home/wojtek/pbl/pbl-ford-ka/ros2_ws/src/gps' returned '0': PYTHONPATH=/home/wojtek/pbl/pbl-ford-ka/ros2_ws/src/gps/build/gps/prefix_override:/home/wojtek/pbl/pbl-ford-ka/ros2_ws/src/gps/install/gps/lib/python3.10/site-packages:${PYTHONPATH} /usr/bin/python3 setup.py egg_info --egg-base build/gps build --build-base /home/wojtek/pbl/pbl-ford-ka/ros2_ws/src/gps/build/gps/build install --record /home/wojtek/pbl/pbl-ford-ka/ros2_ws/src/gps/build/gps/install.log --single-version-externally-managed
