[0.506s] Invoking command in '/home/wojtek/pbl/pbl-ford-ka/ros2_ws/build/turtlesim': CMAKE_PREFIX_PATH=${CMAKE_PREFIX_PATH}:/home/wojtek/pbl/pbl-ford-ka/ros2_ws/install/gps:/opt/ros/humble /usr/bin/cmake --build /home/wojtek/pbl/pbl-ford-ka/ros2_ws/build/turtlesim -- -j8 -l8
[0.608s] [35m[1mConsolidate compiler generated dependencies of target turtlesim__rosidl_generator_c[0m
[0.618s] [  1%] Built target turtlesim__cpp
[0.636s] [ 11%] Built target turtlesim__rosidl_generator_c
[0.642s] [35m[1mConsolidate compiler generated dependencies of target turtlesim__rosidl_typesupport_introspection_cpp[0m
[0.655s] [35m[1mConsolidate compiler generated dependencies of target turtlesim__rosidl_typesupport_fastrtps_cpp[0m
[0.659s] [ 11%] Built target ament_cmake_python_copy_turtlesim
[0.666s] [35m[1mConsolidate compiler generated dependencies of target turtlesim__rosidl_typesupport_cpp[0m
[0.675s] [35m[1mConsolidate compiler generated dependencies of target turtlesim__rosidl_typesupport_fastrtps_c[0m
[0.693s] [35m[1mConsolidate compiler generated dependencies of target turtlesim__rosidl_typesupport_introspection_c[0m
[0.719s] [35m[1mConsolidate compiler generated dependencies of target turtlesim__rosidl_typesupport_c[0m
[0.725s] [ 21%] Built target turtlesim__rosidl_typesupport_fastrtps_cpp
[0.731s] [ 41%] Built target turtlesim__rosidl_typesupport_cpp
[0.732s] [ 41%] Built target turtlesim__rosidl_typesupport_introspection_cpp
[0.742s] [ 57%] Built target turtlesim__rosidl_typesupport_introspection_c
[0.745s] [ 61%] Built target turtlesim__rosidl_typesupport_fastrtps_c
[0.757s] [ 71%] Built target turtlesim__rosidl_typesupport_c
[0.757s] [35m[1mConsolidate compiler generated dependencies of target mimic[0m
[0.758s] [35m[1mConsolidate compiler generated dependencies of target turtle_teleop_key[0m
[0.769s] [35m[1mConsolidate compiler generated dependencies of target draw_square[0m
[0.790s] [35m[1mConsolidate compiler generated dependencies of target turtlesim_node[0m
[0.803s] [ 73%] Built target mimic
[0.825s] [ 73%] Built target turtlesim
[0.828s] [ 75%] Built target draw_square
[0.837s] [ 77%] Built target turtle_teleop_key
[0.858s] [ 83%] Built target turtlesim_node
[0.861s] [ 84%] Built target turtlesim__py
[0.879s] [35m[1mConsolidate compiler generated dependencies of target turtlesim__rosidl_generator_py[0m
[0.917s] [ 93%] Built target turtlesim__rosidl_generator_py
[0.934s] [35m[1mConsolidate compiler generated dependencies of target turtlesim__rosidl_typesupport_fastrtps_c__pyext[0m
[0.953s] [35m[1mConsolidate compiler generated dependencies of target turtlesim__rosidl_typesupport_introspection_c__pyext[0m
[0.960s] [ 95%] Built target turtlesim__rosidl_typesupport_fastrtps_c__pyext
[0.964s] [35m[1mConsolidate compiler generated dependencies of target turtlesim__rosidl_typesupport_c__pyext[0m
[0.978s] [ 97%] Built target turtlesim__rosidl_typesupport_introspection_c__pyext
[0.986s] [100%] Built target turtlesim__rosidl_typesupport_c__pyext
[1.250s] running egg_info
[1.251s] writing turtlesim.egg-info/PKG-INFO
[1.252s] writing dependency_links to turtlesim.egg-info/dependency_links.txt
[1.252s] writing top-level names to turtlesim.egg-info/top_level.txt
[1.257s] reading manifest file 'turtlesim.egg-info/SOURCES.txt'
[1.258s] writing manifest file 'turtlesim.egg-info/SOURCES.txt'
[1.300s] [100%] Built target ament_cmake_python_build_turtlesim_egg
[1.331s] Invoked command in '/home/wojtek/pbl/pbl-ford-ka/ros2_ws/build/turtlesim' returned '0': CMAKE_PREFIX_PATH=${CMAKE_PREFIX_PATH}:/home/wojtek/pbl/pbl-ford-ka/ros2_ws/install/gps:/opt/ros/humble /usr/bin/cmake --build /home/wojtek/pbl/pbl-ford-ka/ros2_ws/build/turtlesim -- -j8 -l8
[1.729s] Invoking command in '/home/wojtek/pbl/pbl-ford-ka/ros2_ws/build/turtlesim': CMAKE_PREFIX_PATH=${CMAKE_PREFIX_PATH}:/home/wojtek/pbl/pbl-ford-ka/ros2_ws/install/gps:/opt/ros/humble /usr/bin/cmake --install /home/wojtek/pbl/pbl-ford-ka/ros2_ws/build/turtlesim
[1.741s] -- Install configuration: ""
[1.741s] -- Up-to-date: /home/wojtek/pbl/pbl-ford-ka/ros2_ws/install/turtlesim/share/ament_index/resource_index/rosidl_interfaces/turtlesim
[1.741s] -- Up-to-date: /home/wojtek/pbl/pbl-ford-ka/ros2_ws/install/turtlesim/include/turtlesim/turtlesim
[1.742s] -- Up-to-date: /home/wojtek/pbl/pbl-ford-ka/ros2_ws/install/turtlesim/include/turtlesim/turtlesim/action
[1.742s] -- Up-to-date: /home/wojtek/pbl/pbl-ford-ka/ros2_ws/install/turtlesim/include/turtlesim/turtlesim/action/rotate_absolute.h
[1.742s] -- Up-to-date: /home/wojtek/pbl/pbl-ford-ka/ros2_ws/install/turtlesim/include/turtlesim/turtlesim/action/detail
[1.742s] -- Up-to-date: /home/wojtek/pbl/pbl-ford-ka/ros2_ws/install/turtlesim/include/turtlesim/turtlesim/action/detail/rotate_absolute__functions.h
[1.742s] -- Up-to-date: /home/wojtek/pbl/pbl-ford-ka/ros2_ws/install/turtlesim/include/turtlesim/turtlesim/action/detail/rotate_absolute__functions.c
[1.742s] -- Up-to-date: /home/wojtek/pbl/pbl-ford-ka/ros2_ws/install/turtlesim/include/turtlesim/turtlesim/action/detail/rotate_absolute__type_support.h
[1.742s] -- Up-to-date: /home/wojtek/pbl/pbl-ford-ka/ros2_ws/install/turtlesim/include/turtlesim/turtlesim/action/detail/rotate_absolute__struct.h
[1.743s] -- Up-to-date: /home/wojtek/pbl/pbl-ford-ka/ros2_ws/install/turtlesim/include/turtlesim/turtlesim/msg
[1.743s] -- Up-to-date: /home/wojtek/pbl/pbl-ford-ka/ros2_ws/install/turtlesim/include/turtlesim/turtlesim/msg/color.h
[1.743s] -- Up-to-date: /home/wojtek/pbl/pbl-ford-ka/ros2_ws/install/turtlesim/include/turtlesim/turtlesim/msg/pose.h
[1.743s] -- Up-to-date: /home/wojtek/pbl/pbl-ford-ka/ros2_ws/install/turtlesim/include/turtlesim/turtlesim/msg/rosidl_generator_c__visibility_control.h
[1.743s] -- Up-to-date: /home/wojtek/pbl/pbl-ford-ka/ros2_ws/install/turtlesim/include/turtlesim/turtlesim/msg/detail
[1.744s] -- Up-to-date: /home/wojtek/pbl/pbl-ford-ka/ros2_ws/install/turtlesim/include/turtlesim/turtlesim/msg/detail/pose__struct.h
[1.744s] -- Up-to-date: /home/wojtek/pbl/pbl-ford-ka/ros2_ws/install/turtlesim/include/turtlesim/turtlesim/msg/detail/color__functions.h
[1.744s] -- Up-to-date: /home/wojtek/pbl/pbl-ford-ka/ros2_ws/install/turtlesim/include/turtlesim/turtlesim/msg/detail/color__type_support.h
[1.744s] -- Up-to-date: /home/wojtek/pbl/pbl-ford-ka/ros2_ws/install/turtlesim/include/turtlesim/turtlesim/msg/detail/color__struct.h
[1.744s] -- Up-to-date: /home/wojtek/pbl/pbl-ford-ka/ros2_ws/install/turtlesim/include/turtlesim/turtlesim/msg/detail/pose__functions.h
[1.744s] -- Up-to-date: /home/wojtek/pbl/pbl-ford-ka/ros2_ws/install/turtlesim/include/turtlesim/turtlesim/msg/detail/pose__functions.c
[1.745s] -- Up-to-date: /home/wojtek/pbl/pbl-ford-ka/ros2_ws/install/turtlesim/include/turtlesim/turtlesim/msg/detail/pose__type_support.h
[1.745s] -- Up-to-date: /home/wojtek/pbl/pbl-ford-ka/ros2_ws/install/turtlesim/include/turtlesim/turtlesim/msg/detail/color__functions.c
[1.745s] -- Up-to-date: /home/wojtek/pbl/pbl-ford-ka/ros2_ws/install/turtlesim/include/turtlesim/turtlesim/srv
[1.746s] -- Up-to-date: /home/wojtek/pbl/pbl-ford-ka/ros2_ws/install/turtlesim/include/turtlesim/turtlesim/srv/kill.h
[1.746s] -- Up-to-date: /home/wojtek/pbl/pbl-ford-ka/ros2_ws/install/turtlesim/include/turtlesim/turtlesim/srv/detail
[1.748s] -- Up-to-date: /home/wojtek/pbl/pbl-ford-ka/ros2_ws/install/turtlesim/include/turtlesim/turtlesim/srv/detail/set_pen__functions.c
[1.752s] -- Up-to-date: /home/wojtek/pbl/pbl-ford-ka/ros2_ws/install/turtlesim/include/turtlesim/turtlesim/srv/detail/teleport_absolute__type_support.h
[1.753s] -- Up-to-date: /home/wojtek/pbl/pbl-ford-ka/ros2_ws/install/turtlesim/include/turtlesim/turtlesim/srv/detail/kill__type_support.h
[1.754s] -- Up-to-date: /home/wojtek/pbl/pbl-ford-ka/ros2_ws/install/turtlesim/include/turtlesim/turtlesim/srv/detail/kill__functions.h
[1.754s] -- Up-to-date: /home/wojtek/pbl/pbl-ford-ka/ros2_ws/install/turtlesim/include/turtlesim/turtlesim/srv/detail/set_pen__functions.h
[1.754s] -- Up-to-date: /home/wojtek/pbl/pbl-ford-ka/ros2_ws/install/turtlesim/include/turtlesim/turtlesim/srv/detail/kill__functions.c
[1.763s] -- Up-to-date: /home/wojtek/pbl/pbl-ford-ka/ros2_ws/install/turtlesim/include/turtlesim/turtlesim/srv/detail/teleport_relative__functions.c
[1.763s] -- Up-to-date: /home/wojtek/pbl/pbl-ford-ka/ros2_ws/install/turtlesim/include/turtlesim/turtlesim/srv/detail/spawn__functions.h
[1.763s] -- Up-to-date: /home/wojtek/pbl/pbl-ford-ka/ros2_ws/install/turtlesim/include/turtlesim/turtlesim/srv/detail/spawn__functions.c
[1.763s] -- Up-to-date: /home/wojtek/pbl/pbl-ford-ka/ros2_ws/install/turtlesim/include/turtlesim/turtlesim/srv/detail/spawn__struct.h
[1.763s] -- Up-to-date: /home/wojtek/pbl/pbl-ford-ka/ros2_ws/install/turtlesim/include/turtlesim/turtlesim/srv/detail/set_pen__type_support.h
[1.764s] -- Up-to-date: /home/wojtek/pbl/pbl-ford-ka/ros2_ws/install/turtlesim/include/turtlesim/turtlesim/srv/detail/teleport_relative__functions.h
[1.764s] -- Up-to-date: /home/wojtek/pbl/pbl-ford-ka/ros2_ws/install/turtlesim/include/turtlesim/turtlesim/srv/detail/kill__struct.h
[1.764s] -- Up-to-date: /home/wojtek/pbl/pbl-ford-ka/ros2_ws/install/turtlesim/include/turtlesim/turtlesim/srv/detail/set_pen__struct.h
[1.764s] -- Up-to-date: /home/wojtek/pbl/pbl-ford-ka/ros2_ws/install/turtlesim/include/turtlesim/turtlesim/srv/detail/teleport_absolute__functions.c
[1.764s] -- Up-to-date: /home/wojtek/pbl/pbl-ford-ka/ros2_ws/install/turtlesim/include/turtlesim/turtlesim/srv/detail/spawn__type_support.h
[1.764s] -- Up-to-date: /home/wojtek/pbl/pbl-ford-ka/ros2_ws/install/turtlesim/include/turtlesim/turtlesim/srv/detail/teleport_relative__type_support.h
[1.764s] -- Up-to-date: /home/wojtek/pbl/pbl-ford-ka/ros2_ws/install/turtlesim/include/turtlesim/turtlesim/srv/detail/teleport_relative__struct.h
[1.765s] -- Up-to-date: /home/wojtek/pbl/pbl-ford-ka/ros2_ws/install/turtlesim/include/turtlesim/turtlesim/srv/detail/teleport_absolute__struct.h
[1.765s] -- Up-to-date: /home/wojtek/pbl/pbl-ford-ka/ros2_ws/install/turtlesim/include/turtlesim/turtlesim/srv/detail/teleport_absolute__functions.h
[1.765s] -- Up-to-date: /home/wojtek/pbl/pbl-ford-ka/ros2_ws/install/turtlesim/include/turtlesim/turtlesim/srv/teleport_relative.h
[1.765s] -- Up-to-date: /home/wojtek/pbl/pbl-ford-ka/ros2_ws/install/turtlesim/include/turtlesim/turtlesim/srv/spawn.h
[1.765s] -- Up-to-date: /home/wojtek/pbl/pbl-ford-ka/ros2_ws/install/turtlesim/include/turtlesim/turtlesim/srv/teleport_absolute.h
[1.765s] -- Up-to-date: /home/wojtek/pbl/pbl-ford-ka/ros2_ws/install/turtlesim/include/turtlesim/turtlesim/srv/set_pen.h
[1.765s] -- Up-to-date: /home/wojtek/pbl/pbl-ford-ka/ros2_ws/install/turtlesim/share/turtlesim/environment/library_path.sh
[1.766s] -- Up-to-date: /home/wojtek/pbl/pbl-ford-ka/ros2_ws/install/turtlesim/share/turtlesim/environment/library_path.dsv
[1.766s] -- Up-to-date: /home/wojtek/pbl/pbl-ford-ka/ros2_ws/install/turtlesim/lib/libturtlesim__rosidl_generator_c.so
[1.766s] -- Up-to-date: /home/wojtek/pbl/pbl-ford-ka/ros2_ws/install/turtlesim/include/turtlesim/turtlesim
[1.766s] -- Up-to-date: /home/wojtek/pbl/pbl-ford-ka/ros2_ws/install/turtlesim/include/turtlesim/turtlesim/action
[1.766s] -- Up-to-date: /home/wojtek/pbl/pbl-ford-ka/ros2_ws/install/turtlesim/include/turtlesim/turtlesim/action/detail
[1.766s] -- Up-to-date: /home/wojtek/pbl/pbl-ford-ka/ros2_ws/install/turtlesim/include/turtlesim/turtlesim/action/detail/rotate_absolute__rosidl_typesupport_fastrtps_c.h
[1.766s] -- Up-to-date: /home/wojtek/pbl/pbl-ford-ka/ros2_ws/install/turtlesim/include/turtlesim/turtlesim/msg
[1.767s] -- Up-to-date: /home/wojtek/pbl/pbl-ford-ka/ros2_ws/install/turtlesim/include/turtlesim/turtlesim/msg/detail
[1.767s] -- Up-to-date: /home/wojtek/pbl/pbl-ford-ka/ros2_ws/install/turtlesim/include/turtlesim/turtlesim/msg/detail/pose__rosidl_typesupport_fastrtps_c.h
[1.767s] -- Up-to-date: /home/wojtek/pbl/pbl-ford-ka/ros2_ws/install/turtlesim/include/turtlesim/turtlesim/msg/detail/color__rosidl_typesupport_fastrtps_c.h
[1.767s] -- Up-to-date: /home/wojtek/pbl/pbl-ford-ka/ros2_ws/install/turtlesim/include/turtlesim/turtlesim/msg/rosidl_typesupport_fastrtps_c__visibility_control.h
[1.767s] -- Up-to-date: /home/wojtek/pbl/pbl-ford-ka/ros2_ws/install/turtlesim/include/turtlesim/turtlesim/srv
[1.767s] -- Up-to-date: /home/wojtek/pbl/pbl-ford-ka/ros2_ws/install/turtlesim/include/turtlesim/turtlesim/srv/detail
[1.767s] -- Up-to-date: /home/wojtek/pbl/pbl-ford-ka/ros2_ws/install/turtlesim/include/turtlesim/turtlesim/srv/detail/teleport_relative__rosidl_typesupport_fastrtps_c.h
[1.768s] -- Up-to-date: /home/wojtek/pbl/pbl-ford-ka/ros2_ws/install/turtlesim/include/turtlesim/turtlesim/srv/detail/spawn__rosidl_typesupport_fastrtps_c.h
[1.768s] -- Up-to-date: /home/wojtek/pbl/pbl-ford-ka/ros2_ws/install/turtlesim/include/turtlesim/turtlesim/srv/detail/set_pen__rosidl_typesupport_fastrtps_c.h
[1.768s] -- Up-to-date: /home/wojtek/pbl/pbl-ford-ka/ros2_ws/install/turtlesim/include/turtlesim/turtlesim/srv/detail/kill__rosidl_typesupport_fastrtps_c.h
[1.768s] -- Up-to-date: /home/wojtek/pbl/pbl-ford-ka/ros2_ws/install/turtlesim/include/turtlesim/turtlesim/srv/detail/teleport_absolute__rosidl_typesupport_fastrtps_c.h
[1.768s] -- Up-to-date: /home/wojtek/pbl/pbl-ford-ka/ros2_ws/install/turtlesim/lib/libturtlesim__rosidl_typesupport_fastrtps_c.so
[1.768s] -- Up-to-date: /home/wojtek/pbl/pbl-ford-ka/ros2_ws/install/turtlesim/include/turtlesim/turtlesim
[1.768s] -- Up-to-date: /home/wojtek/pbl/pbl-ford-ka/ros2_ws/install/turtlesim/include/turtlesim/turtlesim/action
[1.768s] -- Up-to-date: /home/wojtek/pbl/pbl-ford-ka/ros2_ws/install/turtlesim/include/turtlesim/turtlesim/action/detail
[1.769s] -- Up-to-date: /home/wojtek/pbl/pbl-ford-ka/ros2_ws/install/turtlesim/include/turtlesim/turtlesim/action/detail/rotate_absolute__builder.hpp
[1.769s] -- Up-to-date: /home/wojtek/pbl/pbl-ford-ka/ros2_ws/install/turtlesim/include/turtlesim/turtlesim/action/detail/rotate_absolute__struct.hpp
[1.769s] -- Up-to-date: /home/wojtek/pbl/pbl-ford-ka/ros2_ws/install/turtlesim/include/turtlesim/turtlesim/action/detail/rotate_absolute__traits.hpp
[1.769s] -- Up-to-date: /home/wojtek/pbl/pbl-ford-ka/ros2_ws/install/turtlesim/include/turtlesim/turtlesim/action/rotate_absolute.hpp
[1.769s] -- Up-to-date: /home/wojtek/pbl/pbl-ford-ka/ros2_ws/install/turtlesim/include/turtlesim/turtlesim/msg
[1.769s] -- Up-to-date: /home/wojtek/pbl/pbl-ford-ka/ros2_ws/install/turtlesim/include/turtlesim/turtlesim/msg/color.hpp
[1.769s] -- Up-to-date: /home/wojtek/pbl/pbl-ford-ka/ros2_ws/install/turtlesim/include/turtlesim/turtlesim/msg/pose.hpp
[1.770s] -- Up-to-date: /home/wojtek/pbl/pbl-ford-ka/ros2_ws/install/turtlesim/include/turtlesim/turtlesim/msg/detail
[1.770s] -- Up-to-date: /home/wojtek/pbl/pbl-ford-ka/ros2_ws/install/turtlesim/include/turtlesim/turtlesim/msg/detail/color__struct.hpp
[1.770s] -- Up-to-date: /home/wojtek/pbl/pbl-ford-ka/ros2_ws/install/turtlesim/include/turtlesim/turtlesim/msg/detail/color__builder.hpp
[1.770s] -- Up-to-date: /home/wojtek/pbl/pbl-ford-ka/ros2_ws/install/turtlesim/include/turtlesim/turtlesim/msg/detail/color__traits.hpp
[1.770s] -- Up-to-date: /home/wojtek/pbl/pbl-ford-ka/ros2_ws/install/turtlesim/include/turtlesim/turtlesim/msg/detail/pose__builder.hpp
[1.783s] -- Up-to-date: /home/wojtek/pbl/pbl-ford-ka/ros2_ws/install/turtlesim/include/turtlesim/turtlesim/msg/detail/pose__struct.hpp
[1.785s] -- Up-to-date: /home/wojtek/pbl/pbl-ford-ka/ros2_ws/install/turtlesim/include/turtlesim/turtlesim/msg/detail/pose__traits.hpp
[1.785s] -- Up-to-date: /home/wojtek/pbl/pbl-ford-ka/ros2_ws/install/turtlesim/include/turtlesim/turtlesim/srv
[1.785s] -- Up-to-date: /home/wojtek/pbl/pbl-ford-ka/ros2_ws/install/turtlesim/include/turtlesim/turtlesim/srv/spawn.hpp
[1.785s] -- Up-to-date: /home/wojtek/pbl/pbl-ford-ka/ros2_ws/install/turtlesim/include/turtlesim/turtlesim/srv/teleport_relative.hpp
[1.785s] -- Up-to-date: /home/wojtek/pbl/pbl-ford-ka/ros2_ws/install/turtlesim/include/turtlesim/turtlesim/srv/kill.hpp
[1.785s] -- Up-to-date: /home/wojtek/pbl/pbl-ford-ka/ros2_ws/install/turtlesim/include/turtlesim/turtlesim/srv/detail
[1.786s] -- Up-to-date: /home/wojtek/pbl/pbl-ford-ka/ros2_ws/install/turtlesim/include/turtlesim/turtlesim/srv/detail/spawn__struct.hpp
[1.786s] -- Up-to-date: /home/wojtek/pbl/pbl-ford-ka/ros2_ws/install/turtlesim/include/turtlesim/turtlesim/srv/detail/teleport_absolute__traits.hpp
[1.786s] -- Up-to-date: /home/wojtek/pbl/pbl-ford-ka/ros2_ws/install/turtlesim/include/turtlesim/turtlesim/srv/detail/kill__struct.hpp
[1.786s] -- Up-to-date: /home/wojtek/pbl/pbl-ford-ka/ros2_ws/install/turtlesim/include/turtlesim/turtlesim/srv/detail/set_pen__struct.hpp
[1.786s] -- Up-to-date: /home/wojtek/pbl/pbl-ford-ka/ros2_ws/install/turtlesim/include/turtlesim/turtlesim/srv/detail/spawn__builder.hpp
[1.786s] -- Up-to-date: /home/wojtek/pbl/pbl-ford-ka/ros2_ws/install/turtlesim/include/turtlesim/turtlesim/srv/detail/spawn__traits.hpp
[1.786s] -- Up-to-date: /home/wojtek/pbl/pbl-ford-ka/ros2_ws/install/turtlesim/include/turtlesim/turtlesim/srv/detail/teleport_absolute__struct.hpp
[1.787s] -- Up-to-date: /home/wojtek/pbl/pbl-ford-ka/ros2_ws/install/turtlesim/include/turtlesim/turtlesim/srv/detail/teleport_absolute__builder.hpp
[1.787s] -- Up-to-date: /home/wojtek/pbl/pbl-ford-ka/ros2_ws/install/turtlesim/include/turtlesim/turtlesim/srv/detail/set_pen__traits.hpp
[1.787s] -- Up-to-date: /home/wojtek/pbl/pbl-ford-ka/ros2_ws/install/turtlesim/include/turtlesim/turtlesim/srv/detail/kill__builder.hpp
[1.787s] -- Up-to-date: /home/wojtek/pbl/pbl-ford-ka/ros2_ws/install/turtlesim/include/turtlesim/turtlesim/srv/detail/teleport_relative__struct.hpp
[1.787s] -- Up-to-date: /home/wojtek/pbl/pbl-ford-ka/ros2_ws/install/turtlesim/include/turtlesim/turtlesim/srv/detail/set_pen__builder.hpp
[1.787s] -- Up-to-date: /home/wojtek/pbl/pbl-ford-ka/ros2_ws/install/turtlesim/include/turtlesim/turtlesim/srv/detail/teleport_relative__builder.hpp
[1.787s] -- Up-to-date: /home/wojtek/pbl/pbl-ford-ka/ros2_ws/install/turtlesim/include/turtlesim/turtlesim/srv/detail/teleport_relative__traits.hpp
[1.788s] -- Up-to-date: /home/wojtek/pbl/pbl-ford-ka/ros2_ws/install/turtlesim/include/turtlesim/turtlesim/srv/detail/kill__traits.hpp
[1.788s] -- Up-to-date: /home/wojtek/pbl/pbl-ford-ka/ros2_ws/install/turtlesim/include/turtlesim/turtlesim/srv/teleport_absolute.hpp
[1.788s] -- Up-to-date: /home/wojtek/pbl/pbl-ford-ka/ros2_ws/install/turtlesim/include/turtlesim/turtlesim/srv/set_pen.hpp
[1.788s] -- Up-to-date: /home/wojtek/pbl/pbl-ford-ka/ros2_ws/install/turtlesim/include/turtlesim/turtlesim
[1.788s] -- Up-to-date: /home/wojtek/pbl/pbl-ford-ka/ros2_ws/install/turtlesim/include/turtlesim/turtlesim/action
[1.788s] -- Up-to-date: /home/wojtek/pbl/pbl-ford-ka/ros2_ws/install/turtlesim/include/turtlesim/turtlesim/action/detail
[1.789s] -- Up-to-date: /home/wojtek/pbl/pbl-ford-ka/ros2_ws/install/turtlesim/include/turtlesim/turtlesim/action/detail/rotate_absolute__rosidl_typesupport_fastrtps_cpp.hpp
[1.789s] -- Up-to-date: /home/wojtek/pbl/pbl-ford-ka/ros2_ws/install/turtlesim/include/turtlesim/turtlesim/action/detail/dds_fastrtps
[1.789s] -- Up-to-date: /home/wojtek/pbl/pbl-ford-ka/ros2_ws/install/turtlesim/include/turtlesim/turtlesim/msg
[1.789s] -- Up-to-date: /home/wojtek/pbl/pbl-ford-ka/ros2_ws/install/turtlesim/include/turtlesim/turtlesim/msg/detail
[1.789s] -- Up-to-date: /home/wojtek/pbl/pbl-ford-ka/ros2_ws/install/turtlesim/include/turtlesim/turtlesim/msg/detail/color__rosidl_typesupport_fastrtps_cpp.hpp
[1.789s] -- Up-to-date: /home/wojtek/pbl/pbl-ford-ka/ros2_ws/install/turtlesim/include/turtlesim/turtlesim/msg/detail/pose__rosidl_typesupport_fastrtps_cpp.hpp
[1.789s] -- Up-to-date: /home/wojtek/pbl/pbl-ford-ka/ros2_ws/install/turtlesim/include/turtlesim/turtlesim/msg/detail/dds_fastrtps
[1.789s] -- Up-to-date: /home/wojtek/pbl/pbl-ford-ka/ros2_ws/install/turtlesim/include/turtlesim/turtlesim/msg/rosidl_typesupport_fastrtps_cpp__visibility_control.h
[1.790s] -- Up-to-date: /home/wojtek/pbl/pbl-ford-ka/ros2_ws/install/turtlesim/include/turtlesim/turtlesim/srv
[1.790s] -- Up-to-date: /home/wojtek/pbl/pbl-ford-ka/ros2_ws/install/turtlesim/include/turtlesim/turtlesim/srv/detail
[1.790s] -- Up-to-date: /home/wojtek/pbl/pbl-ford-ka/ros2_ws/install/turtlesim/include/turtlesim/turtlesim/srv/detail/set_pen__rosidl_typesupport_fastrtps_cpp.hpp
[1.790s] -- Up-to-date: /home/wojtek/pbl/pbl-ford-ka/ros2_ws/install/turtlesim/include/turtlesim/turtlesim/srv/detail/teleport_relative__rosidl_typesupport_fastrtps_cpp.hpp
[1.790s] -- Up-to-date: /home/wojtek/pbl/pbl-ford-ka/ros2_ws/install/turtlesim/include/turtlesim/turtlesim/srv/detail/spawn__rosidl_typesupport_fastrtps_cpp.hpp
[1.790s] -- Up-to-date: /home/wojtek/pbl/pbl-ford-ka/ros2_ws/install/turtlesim/include/turtlesim/turtlesim/srv/detail/kill__rosidl_typesupport_fastrtps_cpp.hpp
[1.790s] -- Up-to-date: /home/wojtek/pbl/pbl-ford-ka/ros2_ws/install/turtlesim/include/turtlesim/turtlesim/srv/detail/dds_fastrtps
[1.791s] -- Up-to-date: /home/wojtek/pbl/pbl-ford-ka/ros2_ws/install/turtlesim/include/turtlesim/turtlesim/srv/detail/teleport_absolute__rosidl_typesupport_fastrtps_cpp.hpp
[1.791s] -- Up-to-date: /home/wojtek/pbl/pbl-ford-ka/ros2_ws/install/turtlesim/lib/libturtlesim__rosidl_typesupport_fastrtps_cpp.so
[1.791s] -- Up-to-date: /home/wojtek/pbl/pbl-ford-ka/ros2_ws/install/turtlesim/include/turtlesim/turtlesim
[1.791s] -- Up-to-date: /home/wojtek/pbl/pbl-ford-ka/ros2_ws/install/turtlesim/include/turtlesim/turtlesim/action
[1.791s] -- Up-to-date: /home/wojtek/pbl/pbl-ford-ka/ros2_ws/install/turtlesim/include/turtlesim/turtlesim/action/detail
[1.791s] -- Up-to-date: /home/wojtek/pbl/pbl-ford-ka/ros2_ws/install/turtlesim/include/turtlesim/turtlesim/action/detail/rotate_absolute__rosidl_typesupport_introspection_c.h
[1.791s] -- Up-to-date: /home/wojtek/pbl/pbl-ford-ka/ros2_ws/install/turtlesim/include/turtlesim/turtlesim/action/detail/rotate_absolute__type_support.c
[1.792s] -- Up-to-date: /home/wojtek/pbl/pbl-ford-ka/ros2_ws/install/turtlesim/include/turtlesim/turtlesim/msg
[1.792s] -- Up-to-date: /home/wojtek/pbl/pbl-ford-ka/ros2_ws/install/turtlesim/include/turtlesim/turtlesim/msg/detail
[1.792s] -- Up-to-date: /home/wojtek/pbl/pbl-ford-ka/ros2_ws/install/turtlesim/include/turtlesim/turtlesim/msg/detail/pose__type_support.c
[1.793s] -- Up-to-date: /home/wojtek/pbl/pbl-ford-ka/ros2_ws/install/turtlesim/include/turtlesim/turtlesim/msg/detail/color__rosidl_typesupport_introspection_c.h
[1.793s] -- Up-to-date: /home/wojtek/pbl/pbl-ford-ka/ros2_ws/install/turtlesim/include/turtlesim/turtlesim/msg/detail/pose__rosidl_typesupport_introspection_c.h
[1.793s] -- Up-to-date: /home/wojtek/pbl/pbl-ford-ka/ros2_ws/install/turtlesim/include/turtlesim/turtlesim/msg/detail/color__type_support.c
[1.793s] -- Up-to-date: /home/wojtek/pbl/pbl-ford-ka/ros2_ws/install/turtlesim/include/turtlesim/turtlesim/msg/rosidl_typesupport_introspection_c__visibility_control.h
[1.793s] -- Up-to-date: /home/wojtek/pbl/pbl-ford-ka/ros2_ws/install/turtlesim/include/turtlesim/turtlesim/srv
[1.793s] -- Up-to-date: /home/wojtek/pbl/pbl-ford-ka/ros2_ws/install/turtlesim/include/turtlesim/turtlesim/srv/detail
[1.794s] -- Up-to-date: /home/wojtek/pbl/pbl-ford-ka/ros2_ws/install/turtlesim/include/turtlesim/turtlesim/srv/detail/kill__type_support.c
[1.794s] -- Up-to-date: /home/wojtek/pbl/pbl-ford-ka/ros2_ws/install/turtlesim/include/turtlesim/turtlesim/srv/detail/teleport_relative__rosidl_typesupport_introspection_c.h
[1.794s] -- Up-to-date: /home/wojtek/pbl/pbl-ford-ka/ros2_ws/install/turtlesim/include/turtlesim/turtlesim/srv/detail/teleport_relative__type_support.c
[1.794s] -- Up-to-date: /home/wojtek/pbl/pbl-ford-ka/ros2_ws/install/turtlesim/include/turtlesim/turtlesim/srv/detail/teleport_absolute__rosidl_typesupport_introspection_c.h
[1.794s] -- Up-to-date: /home/wojtek/pbl/pbl-ford-ka/ros2_ws/install/turtlesim/include/turtlesim/turtlesim/srv/detail/set_pen__rosidl_typesupport_introspection_c.h
[1.796s] -- Up-to-date: /home/wojtek/pbl/pbl-ford-ka/ros2_ws/install/turtlesim/include/turtlesim/turtlesim/srv/detail/spawn__type_support.c
[1.796s] -- Up-to-date: /home/wojtek/pbl/pbl-ford-ka/ros2_ws/install/turtlesim/include/turtlesim/turtlesim/srv/detail/set_pen__type_support.c
[1.797s] -- Up-to-date: /home/wojtek/pbl/pbl-ford-ka/ros2_ws/install/turtlesim/include/turtlesim/turtlesim/srv/detail/kill__rosidl_typesupport_introspection_c.h
[1.797s] -- Up-to-date: /home/wojtek/pbl/pbl-ford-ka/ros2_ws/install/turtlesim/include/turtlesim/turtlesim/srv/detail/spawn__rosidl_typesupport_introspection_c.h
[1.797s] -- Up-to-date: /home/wojtek/pbl/pbl-ford-ka/ros2_ws/install/turtlesim/include/turtlesim/turtlesim/srv/detail/teleport_absolute__type_support.c
[1.797s] -- Up-to-date: /home/wojtek/pbl/pbl-ford-ka/ros2_ws/install/turtlesim/lib/libturtlesim__rosidl_typesupport_introspection_c.so
[1.797s] -- Up-to-date: /home/wojtek/pbl/pbl-ford-ka/ros2_ws/install/turtlesim/lib/libturtlesim__rosidl_typesupport_c.so
[1.798s] -- Up-to-date: /home/wojtek/pbl/pbl-ford-ka/ros2_ws/install/turtlesim/include/turtlesim/turtlesim
[1.798s] -- Up-to-date: /home/wojtek/pbl/pbl-ford-ka/ros2_ws/install/turtlesim/include/turtlesim/turtlesim/action
[1.798s] -- Up-to-date: /home/wojtek/pbl/pbl-ford-ka/ros2_ws/install/turtlesim/include/turtlesim/turtlesim/action/detail
[1.798s] -- Up-to-date: /home/wojtek/pbl/pbl-ford-ka/ros2_ws/install/turtlesim/include/turtlesim/turtlesim/action/detail/rotate_absolute__rosidl_typesupport_introspection_cpp.hpp
[1.800s] -- Up-to-date: /home/wojtek/pbl/pbl-ford-ka/ros2_ws/install/turtlesim/include/turtlesim/turtlesim/action/detail/rotate_absolute__type_support.cpp
[1.802s] -- Up-to-date: /home/wojtek/pbl/pbl-ford-ka/ros2_ws/install/turtlesim/include/turtlesim/turtlesim/msg
[1.802s] -- Up-to-date: /home/wojtek/pbl/pbl-ford-ka/ros2_ws/install/turtlesim/include/turtlesim/turtlesim/msg/detail
[1.802s] -- Up-to-date: /home/wojtek/pbl/pbl-ford-ka/ros2_ws/install/turtlesim/include/turtlesim/turtlesim/msg/detail/pose__rosidl_typesupport_introspection_cpp.hpp
[1.803s] -- Up-to-date: /home/wojtek/pbl/pbl-ford-ka/ros2_ws/install/turtlesim/include/turtlesim/turtlesim/msg/detail/pose__type_support.cpp
[1.803s] -- Up-to-date: /home/wojtek/pbl/pbl-ford-ka/ros2_ws/install/turtlesim/include/turtlesim/turtlesim/msg/detail/color__type_support.cpp
[1.803s] -- Up-to-date: /home/wojtek/pbl/pbl-ford-ka/ros2_ws/install/turtlesim/include/turtlesim/turtlesim/msg/detail/color__rosidl_typesupport_introspection_cpp.hpp
[1.803s] -- Up-to-date: /home/wojtek/pbl/pbl-ford-ka/ros2_ws/install/turtlesim/include/turtlesim/turtlesim/srv
[1.803s] -- Up-to-date: /home/wojtek/pbl/pbl-ford-ka/ros2_ws/install/turtlesim/include/turtlesim/turtlesim/srv/detail
[1.803s] -- Up-to-date: /home/wojtek/pbl/pbl-ford-ka/ros2_ws/install/turtlesim/include/turtlesim/turtlesim/srv/detail/teleport_relative__rosidl_typesupport_introspection_cpp.hpp
[1.803s] -- Up-to-date: /home/wojtek/pbl/pbl-ford-ka/ros2_ws/install/turtlesim/include/turtlesim/turtlesim/srv/detail/spawn__rosidl_typesupport_introspection_cpp.hpp
[1.804s] -- Up-to-date: /home/wojtek/pbl/pbl-ford-ka/ros2_ws/install/turtlesim/include/turtlesim/turtlesim/srv/detail/set_pen__type_support.cpp
[1.804s] -- Up-to-date: /home/wojtek/pbl/pbl-ford-ka/ros2_ws/install/turtlesim/include/turtlesim/turtlesim/srv/detail/teleport_relative__type_support.cpp
[1.804s] -- Up-to-date: /home/wojtek/pbl/pbl-ford-ka/ros2_ws/install/turtlesim/include/turtlesim/turtlesim/srv/detail/teleport_absolute__rosidl_typesupport_introspection_cpp.hpp
[1.804s] -- Up-to-date: /home/wojtek/pbl/pbl-ford-ka/ros2_ws/install/turtlesim/include/turtlesim/turtlesim/srv/detail/kill__type_support.cpp
[1.804s] -- Up-to-date: /home/wojtek/pbl/pbl-ford-ka/ros2_ws/install/turtlesim/include/turtlesim/turtlesim/srv/detail/set_pen__rosidl_typesupport_introspection_cpp.hpp
[1.804s] -- Up-to-date: /home/wojtek/pbl/pbl-ford-ka/ros2_ws/install/turtlesim/include/turtlesim/turtlesim/srv/detail/teleport_absolute__type_support.cpp
[1.804s] -- Up-to-date: /home/wojtek/pbl/pbl-ford-ka/ros2_ws/install/turtlesim/include/turtlesim/turtlesim/srv/detail/kill__rosidl_typesupport_introspection_cpp.hpp
[1.805s] -- Up-to-date: /home/wojtek/pbl/pbl-ford-ka/ros2_ws/install/turtlesim/include/turtlesim/turtlesim/srv/detail/spawn__type_support.cpp
[1.805s] -- Up-to-date: /home/wojtek/pbl/pbl-ford-ka/ros2_ws/install/turtlesim/lib/libturtlesim__rosidl_typesupport_introspection_cpp.so
[1.805s] -- Up-to-date: /home/wojtek/pbl/pbl-ford-ka/ros2_ws/install/turtlesim/lib/libturtlesim__rosidl_typesupport_cpp.so
[1.805s] -- Up-to-date: /home/wojtek/pbl/pbl-ford-ka/ros2_ws/install/turtlesim/share/turtlesim/environment/pythonpath.sh
[1.805s] -- Up-to-date: /home/wojtek/pbl/pbl-ford-ka/ros2_ws/install/turtlesim/share/turtlesim/environment/pythonpath.dsv
[1.805s] -- Up-to-date: /home/wojtek/pbl/pbl-ford-ka/ros2_ws/install/turtlesim/local/lib/python3.10/dist-packages/turtlesim-1.4.1-py3.10.egg-info
[1.806s] -- Installing: /home/wojtek/pbl/pbl-ford-ka/ros2_ws/install/turtlesim/local/lib/python3.10/dist-packages/turtlesim-1.4.1-py3.10.egg-info/top_level.txt
[1.806s] -- Installing: /home/wojtek/pbl/pbl-ford-ka/ros2_ws/install/turtlesim/local/lib/python3.10/dist-packages/turtlesim-1.4.1-py3.10.egg-info/SOURCES.txt
[1.806s] -- Installing: /home/wojtek/pbl/pbl-ford-ka/ros2_ws/install/turtlesim/local/lib/python3.10/dist-packages/turtlesim-1.4.1-py3.10.egg-info/dependency_links.txt
[1.806s] -- Installing: /home/wojtek/pbl/pbl-ford-ka/ros2_ws/install/turtlesim/local/lib/python3.10/dist-packages/turtlesim-1.4.1-py3.10.egg-info/PKG-INFO
[1.806s] -- Up-to-date: /home/wojtek/pbl/pbl-ford-ka/ros2_ws/install/turtlesim/local/lib/python3.10/dist-packages/turtlesim
[1.806s] -- Up-to-date: /home/wojtek/pbl/pbl-ford-ka/ros2_ws/install/turtlesim/local/lib/python3.10/dist-packages/turtlesim/__init__.py
[1.806s] -- Up-to-date: /home/wojtek/pbl/pbl-ford-ka/ros2_ws/install/turtlesim/local/lib/python3.10/dist-packages/turtlesim/_turtlesim_s.ep.rosidl_typesupport_introspection_c.c
[1.807s] -- Up-to-date: /home/wojtek/pbl/pbl-ford-ka/ros2_ws/install/turtlesim/local/lib/python3.10/dist-packages/turtlesim/turtlesim_s__rosidl_typesupport_introspection_c.cpython-310-x86_64-linux-gnu.so
[1.807s] -- Up-to-date: /home/wojtek/pbl/pbl-ford-ka/ros2_ws/install/turtlesim/local/lib/python3.10/dist-packages/turtlesim/turtlesim_s__rosidl_typesupport_fastrtps_c.cpython-310-x86_64-linux-gnu.so
[1.807s] -- Up-to-date: /home/wojtek/pbl/pbl-ford-ka/ros2_ws/install/turtlesim/local/lib/python3.10/dist-packages/turtlesim/libturtlesim__rosidl_generator_py.so
[1.807s] -- Up-to-date: /home/wojtek/pbl/pbl-ford-ka/ros2_ws/install/turtlesim/local/lib/python3.10/dist-packages/turtlesim/_turtlesim_s.ep.rosidl_typesupport_c.c
[1.807s] -- Up-to-date: /home/wojtek/pbl/pbl-ford-ka/ros2_ws/install/turtlesim/local/lib/python3.10/dist-packages/turtlesim/_turtlesim_s.ep.rosidl_typesupport_fastrtps_c.c
[1.807s] -- Up-to-date: /home/wojtek/pbl/pbl-ford-ka/ros2_ws/install/turtlesim/local/lib/python3.10/dist-packages/turtlesim/turtlesim_s__rosidl_typesupport_c.cpython-310-x86_64-linux-gnu.so
[1.807s] -- Up-to-date: /home/wojtek/pbl/pbl-ford-ka/ros2_ws/install/turtlesim/local/lib/python3.10/dist-packages/turtlesim/action
[1.808s] -- Up-to-date: /home/wojtek/pbl/pbl-ford-ka/ros2_ws/install/turtlesim/local/lib/python3.10/dist-packages/turtlesim/action/__init__.py
[1.808s] -- Up-to-date: /home/wojtek/pbl/pbl-ford-ka/ros2_ws/install/turtlesim/local/lib/python3.10/dist-packages/turtlesim/action/_rotate_absolute.py
[1.808s] -- Up-to-date: /home/wojtek/pbl/pbl-ford-ka/ros2_ws/install/turtlesim/local/lib/python3.10/dist-packages/turtlesim/action/_rotate_absolute_s.c
[1.808s] -- Up-to-date: /home/wojtek/pbl/pbl-ford-ka/ros2_ws/install/turtlesim/local/lib/python3.10/dist-packages/turtlesim/msg
[1.808s] -- Up-to-date: /home/wojtek/pbl/pbl-ford-ka/ros2_ws/install/turtlesim/local/lib/python3.10/dist-packages/turtlesim/msg/__init__.py
[1.808s] -- Up-to-date: /home/wojtek/pbl/pbl-ford-ka/ros2_ws/install/turtlesim/local/lib/python3.10/dist-packages/turtlesim/msg/_pose.py
[1.808s] -- Up-to-date: /home/wojtek/pbl/pbl-ford-ka/ros2_ws/install/turtlesim/local/lib/python3.10/dist-packages/turtlesim/msg/_pose_s.c
[1.809s] -- Up-to-date: /home/wojtek/pbl/pbl-ford-ka/ros2_ws/install/turtlesim/local/lib/python3.10/dist-packages/turtlesim/msg/_color.py
[1.809s] -- Up-to-date: /home/wojtek/pbl/pbl-ford-ka/ros2_ws/install/turtlesim/local/lib/python3.10/dist-packages/turtlesim/msg/_color_s.c
[1.809s] -- Up-to-date: /home/wojtek/pbl/pbl-ford-ka/ros2_ws/install/turtlesim/local/lib/python3.10/dist-packages/turtlesim/srv
[1.809s] -- Up-to-date: /home/wojtek/pbl/pbl-ford-ka/ros2_ws/install/turtlesim/local/lib/python3.10/dist-packages/turtlesim/srv/__init__.py
[1.809s] -- Up-to-date: /home/wojtek/pbl/pbl-ford-ka/ros2_ws/install/turtlesim/local/lib/python3.10/dist-packages/turtlesim/srv/_teleport_absolute_s.c
[1.809s] -- Up-to-date: /home/wojtek/pbl/pbl-ford-ka/ros2_ws/install/turtlesim/local/lib/python3.10/dist-packages/turtlesim/srv/_kill.py
[1.809s] -- Up-to-date: /home/wojtek/pbl/pbl-ford-ka/ros2_ws/install/turtlesim/local/lib/python3.10/dist-packages/turtlesim/srv/_spawn.py
[1.810s] -- Up-to-date: /home/wojtek/pbl/pbl-ford-ka/ros2_ws/install/turtlesim/local/lib/python3.10/dist-packages/turtlesim/srv/_teleport_relative_s.c
[1.810s] -- Up-to-date: /home/wojtek/pbl/pbl-ford-ka/ros2_ws/install/turtlesim/local/lib/python3.10/dist-packages/turtlesim/srv/_teleport_absolute.py
[1.810s] -- Up-to-date: /home/wojtek/pbl/pbl-ford-ka/ros2_ws/install/turtlesim/local/lib/python3.10/dist-packages/turtlesim/srv/_kill_s.c
[1.810s] -- Up-to-date: /home/wojtek/pbl/pbl-ford-ka/ros2_ws/install/turtlesim/local/lib/python3.10/dist-packages/turtlesim/srv/_set_pen.py
[1.810s] -- Up-to-date: /home/wojtek/pbl/pbl-ford-ka/ros2_ws/install/turtlesim/local/lib/python3.10/dist-packages/turtlesim/srv/_set_pen_s.c
[1.810s] -- Up-to-date: /home/wojtek/pbl/pbl-ford-ka/ros2_ws/install/turtlesim/local/lib/python3.10/dist-packages/turtlesim/srv/_spawn_s.c
[1.810s] -- Up-to-date: /home/wojtek/pbl/pbl-ford-ka/ros2_ws/install/turtlesim/local/lib/python3.10/dist-packages/turtlesim/srv/_teleport_relative.py
[1.828s] Listing '/home/wojtek/pbl/pbl-ford-ka/ros2_ws/install/turtlesim/local/lib/python3.10/dist-packages/turtlesim'...
[1.828s] Listing '/home/wojtek/pbl/pbl-ford-ka/ros2_ws/install/turtlesim/local/lib/python3.10/dist-packages/turtlesim/action'...
[1.828s] Listing '/home/wojtek/pbl/pbl-ford-ka/ros2_ws/install/turtlesim/local/lib/python3.10/dist-packages/turtlesim/msg'...
[1.828s] Listing '/home/wojtek/pbl/pbl-ford-ka/ros2_ws/install/turtlesim/local/lib/python3.10/dist-packages/turtlesim/srv'...
[1.831s] -- Up-to-date: /home/wojtek/pbl/pbl-ford-ka/ros2_ws/install/turtlesim/local/lib/python3.10/dist-packages/turtlesim/turtlesim_s__rosidl_typesupport_fastrtps_c.cpython-310-x86_64-linux-gnu.so
[1.832s] -- Up-to-date: /home/wojtek/pbl/pbl-ford-ka/ros2_ws/install/turtlesim/local/lib/python3.10/dist-packages/turtlesim/turtlesim_s__rosidl_typesupport_introspection_c.cpython-310-x86_64-linux-gnu.so
[1.833s] -- Up-to-date: /home/wojtek/pbl/pbl-ford-ka/ros2_ws/install/turtlesim/local/lib/python3.10/dist-packages/turtlesim/turtlesim_s__rosidl_typesupport_c.cpython-310-x86_64-linux-gnu.so
[1.834s] -- Up-to-date: /home/wojtek/pbl/pbl-ford-ka/ros2_ws/install/turtlesim/lib/libturtlesim__rosidl_generator_py.so
[1.834s] -- Up-to-date: /home/wojtek/pbl/pbl-ford-ka/ros2_ws/install/turtlesim/share/turtlesim/action/RotateAbsolute.idl
[1.835s] -- Up-to-date: /home/wojtek/pbl/pbl-ford-ka/ros2_ws/install/turtlesim/share/turtlesim/msg/Color.idl
[1.835s] -- Up-to-date: /home/wojtek/pbl/pbl-ford-ka/ros2_ws/install/turtlesim/share/turtlesim/msg/Pose.idl
[1.835s] -- Up-to-date: /home/wojtek/pbl/pbl-ford-ka/ros2_ws/install/turtlesim/share/turtlesim/srv/Kill.idl
[1.835s] -- Up-to-date: /home/wojtek/pbl/pbl-ford-ka/ros2_ws/install/turtlesim/share/turtlesim/srv/SetPen.idl
[1.835s] -- Up-to-date: /home/wojtek/pbl/pbl-ford-ka/ros2_ws/install/turtlesim/share/turtlesim/srv/Spawn.idl
[1.836s] -- Up-to-date: /home/wojtek/pbl/pbl-ford-ka/ros2_ws/install/turtlesim/share/turtlesim/srv/TeleportAbsolute.idl
[1.836s] -- Up-to-date: /home/wojtek/pbl/pbl-ford-ka/ros2_ws/install/turtlesim/share/turtlesim/srv/TeleportRelative.idl
[1.836s] -- Up-to-date: /home/wojtek/pbl/pbl-ford-ka/ros2_ws/install/turtlesim/share/turtlesim/action/RotateAbsolute.action
[1.836s] -- Up-to-date: /home/wojtek/pbl/pbl-ford-ka/ros2_ws/install/turtlesim/share/turtlesim/msg/Color.msg
[1.837s] -- Up-to-date: /home/wojtek/pbl/pbl-ford-ka/ros2_ws/install/turtlesim/share/turtlesim/msg/Pose.msg
[1.837s] -- Up-to-date: /home/wojtek/pbl/pbl-ford-ka/ros2_ws/install/turtlesim/share/turtlesim/srv/Kill.srv
[1.837s] -- Up-to-date: /home/wojtek/pbl/pbl-ford-ka/ros2_ws/install/turtlesim/share/turtlesim/srv/Kill_Request.msg
[1.837s] -- Up-to-date: /home/wojtek/pbl/pbl-ford-ka/ros2_ws/install/turtlesim/share/turtlesim/srv/Kill_Response.msg
[1.837s] -- Up-to-date: /home/wojtek/pbl/pbl-ford-ka/ros2_ws/install/turtlesim/share/turtlesim/srv/SetPen.srv
[1.837s] -- Up-to-date: /home/wojtek/pbl/pbl-ford-ka/ros2_ws/install/turtlesim/share/turtlesim/srv/SetPen_Request.msg
[1.838s] -- Up-to-date: /home/wojtek/pbl/pbl-ford-ka/ros2_ws/install/turtlesim/share/turtlesim/srv/SetPen_Response.msg
[1.838s] -- Up-to-date: /home/wojtek/pbl/pbl-ford-ka/ros2_ws/install/turtlesim/share/turtlesim/srv/Spawn.srv
[1.838s] -- Up-to-date: /home/wojtek/pbl/pbl-ford-ka/ros2_ws/install/turtlesim/share/turtlesim/srv/Spawn_Request.msg
[1.838s] -- Up-to-date: /home/wojtek/pbl/pbl-ford-ka/ros2_ws/install/turtlesim/share/turtlesim/srv/Spawn_Response.msg
[1.838s] -- Up-to-date: /home/wojtek/pbl/pbl-ford-ka/ros2_ws/install/turtlesim/share/turtlesim/srv/TeleportAbsolute.srv
[1.838s] -- Up-to-date: /home/wojtek/pbl/pbl-ford-ka/ros2_ws/install/turtlesim/share/turtlesim/srv/TeleportAbsolute_Request.msg
[1.838s] -- Up-to-date: /home/wojtek/pbl/pbl-ford-ka/ros2_ws/install/turtlesim/share/turtlesim/srv/TeleportAbsolute_Response.msg
[1.839s] -- Up-to-date: /home/wojtek/pbl/pbl-ford-ka/ros2_ws/install/turtlesim/share/turtlesim/srv/TeleportRelative.srv
[1.839s] -- Up-to-date: /home/wojtek/pbl/pbl-ford-ka/ros2_ws/install/turtlesim/share/turtlesim/srv/TeleportRelative_Request.msg
[1.839s] -- Up-to-date: /home/wojtek/pbl/pbl-ford-ka/ros2_ws/install/turtlesim/share/turtlesim/srv/TeleportRelative_Response.msg
[1.839s] -- Up-to-date: /home/wojtek/pbl/pbl-ford-ka/ros2_ws/install/turtlesim/lib/turtlesim/turtlesim_node
[1.839s] -- Up-to-date: /home/wojtek/pbl/pbl-ford-ka/ros2_ws/install/turtlesim/lib/turtlesim/turtle_teleop_key
[1.839s] -- Up-to-date: /home/wojtek/pbl/pbl-ford-ka/ros2_ws/install/turtlesim/lib/turtlesim/draw_square
[1.840s] -- Up-to-date: /home/wojtek/pbl/pbl-ford-ka/ros2_ws/install/turtlesim/lib/turtlesim/mimic
[1.841s] -- Up-to-date: /home/wojtek/pbl/pbl-ford-ka/ros2_ws/install/turtlesim/share/turtlesim/images
[1.841s] -- Up-to-date: /home/wojtek/pbl/pbl-ford-ka/ros2_ws/install/turtlesim/share/turtlesim/images/ardent.png
[1.841s] -- Up-to-date: /home/wojtek/pbl/pbl-ford-ka/ros2_ws/install/turtlesim/share/turtlesim/images/crystal.png
[1.841s] -- Up-to-date: /home/wojtek/pbl/pbl-ford-ka/ros2_ws/install/turtlesim/share/turtlesim/images/humble.png
[1.842s] -- Up-to-date: /home/wojtek/pbl/pbl-ford-ka/ros2_ws/install/turtlesim/share/turtlesim/images/rolling.png
[1.842s] -- Up-to-date: /home/wojtek/pbl/pbl-ford-ka/ros2_ws/install/turtlesim/share/turtlesim/images/foxy.png
[1.842s] -- Up-to-date: /home/wojtek/pbl/pbl-ford-ka/ros2_ws/install/turtlesim/share/turtlesim/images/galactic.png
[1.842s] -- Up-to-date: /home/wojtek/pbl/pbl-ford-ka/ros2_ws/install/turtlesim/share/turtlesim/images/eloquent.png
[1.842s] -- Up-to-date: /home/wojtek/pbl/pbl-ford-ka/ros2_ws/install/turtlesim/share/turtlesim/images/bouncy.png
[1.843s] -- Up-to-date: /home/wojtek/pbl/pbl-ford-ka/ros2_ws/install/turtlesim/share/turtlesim/images/dashing.png
[1.843s] -- Up-to-date: /home/wojtek/pbl/pbl-ford-ka/ros2_ws/install/turtlesim/share/turtlesim/launch
[1.843s] -- Up-to-date: /home/wojtek/pbl/pbl-ford-ka/ros2_ws/install/turtlesim/share/turtlesim/launch/multisim.launch.py
[1.843s] -- Up-to-date: /home/wojtek/pbl/pbl-ford-ka/ros2_ws/install/turtlesim/share/ament_index/resource_index/package_run_dependencies/turtlesim
[1.843s] -- Up-to-date: /home/wojtek/pbl/pbl-ford-ka/ros2_ws/install/turtlesim/share/ament_index/resource_index/parent_prefix_path/turtlesim
[1.843s] -- Up-to-date: /home/wojtek/pbl/pbl-ford-ka/ros2_ws/install/turtlesim/share/turtlesim/environment/ament_prefix_path.sh
[1.844s] -- Up-to-date: /home/wojtek/pbl/pbl-ford-ka/ros2_ws/install/turtlesim/share/turtlesim/environment/ament_prefix_path.dsv
[1.844s] -- Up-to-date: /home/wojtek/pbl/pbl-ford-ka/ros2_ws/install/turtlesim/share/turtlesim/environment/path.sh
[1.844s] -- Up-to-date: /home/wojtek/pbl/pbl-ford-ka/ros2_ws/install/turtlesim/share/turtlesim/environment/path.dsv
[1.844s] -- Up-to-date: /home/wojtek/pbl/pbl-ford-ka/ros2_ws/install/turtlesim/share/turtlesim/local_setup.bash
[1.844s] -- Up-to-date: /home/wojtek/pbl/pbl-ford-ka/ros2_ws/install/turtlesim/share/turtlesim/local_setup.sh
[1.844s] -- Up-to-date: /home/wojtek/pbl/pbl-ford-ka/ros2_ws/install/turtlesim/share/turtlesim/local_setup.zsh
[1.845s] -- Up-to-date: /home/wojtek/pbl/pbl-ford-ka/ros2_ws/install/turtlesim/share/turtlesim/local_setup.dsv
[1.845s] -- Installing: /home/wojtek/pbl/pbl-ford-ka/ros2_ws/install/turtlesim/share/turtlesim/package.dsv
[1.845s] -- Up-to-date: /home/wojtek/pbl/pbl-ford-ka/ros2_ws/install/turtlesim/share/ament_index/resource_index/packages/turtlesim
[1.845s] -- Up-to-date: /home/wojtek/pbl/pbl-ford-ka/ros2_ws/install/turtlesim/share/turtlesim/cmake/export_turtlesim__rosidl_generator_cExport.cmake
[1.845s] -- Up-to-date: /home/wojtek/pbl/pbl-ford-ka/ros2_ws/install/turtlesim/share/turtlesim/cmake/export_turtlesim__rosidl_generator_cExport-noconfig.cmake
[1.846s] -- Up-to-date: /home/wojtek/pbl/pbl-ford-ka/ros2_ws/install/turtlesim/share/turtlesim/cmake/export_turtlesim__rosidl_typesupport_fastrtps_cExport.cmake
[1.846s] -- Up-to-date: /home/wojtek/pbl/pbl-ford-ka/ros2_ws/install/turtlesim/share/turtlesim/cmake/export_turtlesim__rosidl_typesupport_fastrtps_cExport-noconfig.cmake
[1.846s] -- Up-to-date: /home/wojtek/pbl/pbl-ford-ka/ros2_ws/install/turtlesim/share/turtlesim/cmake/export_turtlesim__rosidl_generator_cppExport.cmake
[1.846s] -- Up-to-date: /home/wojtek/pbl/pbl-ford-ka/ros2_ws/install/turtlesim/share/turtlesim/cmake/export_turtlesim__rosidl_typesupport_fastrtps_cppExport.cmake
[1.847s] -- Up-to-date: /home/wojtek/pbl/pbl-ford-ka/ros2_ws/install/turtlesim/share/turtlesim/cmake/export_turtlesim__rosidl_typesupport_fastrtps_cppExport-noconfig.cmake
[1.847s] -- Up-to-date: /home/wojtek/pbl/pbl-ford-ka/ros2_ws/install/turtlesim/share/turtlesim/cmake/turtlesim__rosidl_typesupport_introspection_cExport.cmake
[1.847s] -- Up-to-date: /home/wojtek/pbl/pbl-ford-ka/ros2_ws/install/turtlesim/share/turtlesim/cmake/turtlesim__rosidl_typesupport_introspection_cExport-noconfig.cmake
[1.847s] -- Up-to-date: /home/wojtek/pbl/pbl-ford-ka/ros2_ws/install/turtlesim/share/turtlesim/cmake/turtlesim__rosidl_typesupport_cExport.cmake
[1.847s] -- Up-to-date: /home/wojtek/pbl/pbl-ford-ka/ros2_ws/install/turtlesim/share/turtlesim/cmake/turtlesim__rosidl_typesupport_cExport-noconfig.cmake
[1.848s] -- Up-to-date: /home/wojtek/pbl/pbl-ford-ka/ros2_ws/install/turtlesim/share/turtlesim/cmake/turtlesim__rosidl_typesupport_introspection_cppExport.cmake
[1.848s] -- Up-to-date: /home/wojtek/pbl/pbl-ford-ka/ros2_ws/install/turtlesim/share/turtlesim/cmake/turtlesim__rosidl_typesupport_introspection_cppExport-noconfig.cmake
[1.848s] -- Up-to-date: /home/wojtek/pbl/pbl-ford-ka/ros2_ws/install/turtlesim/share/turtlesim/cmake/turtlesim__rosidl_typesupport_cppExport.cmake
[1.848s] -- Up-to-date: /home/wojtek/pbl/pbl-ford-ka/ros2_ws/install/turtlesim/share/turtlesim/cmake/turtlesim__rosidl_typesupport_cppExport-noconfig.cmake
[1.848s] -- Up-to-date: /home/wojtek/pbl/pbl-ford-ka/ros2_ws/install/turtlesim/share/turtlesim/cmake/export_turtlesim__rosidl_generator_pyExport.cmake
[1.848s] -- Up-to-date: /home/wojtek/pbl/pbl-ford-ka/ros2_ws/install/turtlesim/share/turtlesim/cmake/export_turtlesim__rosidl_generator_pyExport-noconfig.cmake
[1.849s] -- Up-to-date: /home/wojtek/pbl/pbl-ford-ka/ros2_ws/install/turtlesim/share/turtlesim/cmake/rosidl_cmake-extras.cmake
[1.849s] -- Up-to-date: /home/wojtek/pbl/pbl-ford-ka/ros2_ws/install/turtlesim/share/turtlesim/cmake/ament_cmake_export_dependencies-extras.cmake
[1.849s] -- Up-to-date: /home/wojtek/pbl/pbl-ford-ka/ros2_ws/install/turtlesim/share/turtlesim/cmake/ament_cmake_export_include_directories-extras.cmake
[1.849s] -- Up-to-date: /home/wojtek/pbl/pbl-ford-ka/ros2_ws/install/turtlesim/share/turtlesim/cmake/ament_cmake_export_libraries-extras.cmake
[1.849s] -- Up-to-date: /home/wojtek/pbl/pbl-ford-ka/ros2_ws/install/turtlesim/share/turtlesim/cmake/ament_cmake_export_targets-extras.cmake
[1.849s] -- Up-to-date: /home/wojtek/pbl/pbl-ford-ka/ros2_ws/install/turtlesim/share/turtlesim/cmake/rosidl_cmake_export_typesupport_targets-extras.cmake
[1.850s] -- Up-to-date: /home/wojtek/pbl/pbl-ford-ka/ros2_ws/install/turtlesim/share/turtlesim/cmake/rosidl_cmake_export_typesupport_libraries-extras.cmake
[1.850s] -- Up-to-date: /home/wojtek/pbl/pbl-ford-ka/ros2_ws/install/turtlesim/share/turtlesim/cmake/turtlesimConfig.cmake
[1.850s] -- Up-to-date: /home/wojtek/pbl/pbl-ford-ka/ros2_ws/install/turtlesim/share/turtlesim/cmake/turtlesimConfig-version.cmake
[1.851s] -- Up-to-date: /home/wojtek/pbl/pbl-ford-ka/ros2_ws/install/turtlesim/share/turtlesim/package.xml
[1.856s] Invoked command in '/home/wojtek/pbl/pbl-ford-ka/ros2_ws/build/turtlesim' returned '0': CMAKE_PREFIX_PATH=${CMAKE_PREFIX_PATH}:/home/wojtek/pbl/pbl-ford-ka/ros2_ws/install/gps:/opt/ros/humble /usr/bin/cmake --install /home/wojtek/pbl/pbl-ford-ka/ros2_ws/build/turtlesim
