[0.989s] Invoking command in '/home/wojtek/pbl/pbl-ford-ka/ros2_ws/src/gps': PYTHONPATH=/home/wojtek/pbl/pbl-ford-ka/ros2_ws/build/gps/prefix_override:/home/wojtek/pbl/pbl-ford-ka/ros2_ws/install/gps/lib/python3.10/site-packages:${PYTHONPATH} /usr/bin/python3 setup.py egg_info --egg-base ../../build/gps build --build-base /home/wojtek/pbl/pbl-ford-ka/ros2_ws/build/gps/build install --record /home/wojtek/pbl/pbl-ford-ka/ros2_ws/build/gps/install.log --single-version-externally-managed
[1.394s] running egg_info
[1.395s] writing ../../build/gps/gps.egg-info/PKG-INFO
[1.396s] writing dependency_links to ../../build/gps/gps.egg-info/dependency_links.txt
[1.396s] writing entry points to ../../build/gps/gps.egg-info/entry_points.txt
[1.396s] writing requirements to ../../build/gps/gps.egg-info/requires.txt
[1.397s] writing top-level names to ../../build/gps/gps.egg-info/top_level.txt
[1.400s] reading manifest file '../../build/gps/gps.egg-info/SOURCES.txt'
[1.402s] writing manifest file '../../build/gps/gps.egg-info/SOURCES.txt'
[1.402s] running build
[1.402s] running build_py
[1.403s] copying gps/ka_utils.py -> /home/wojtek/pbl/pbl-ford-ka/ros2_ws/build/gps/build/lib/gps
[1.403s] copying gps/position_subscriber.py -> /home/wojtek/pbl/pbl-ford-ka/ros2_ws/build/gps/build/lib/gps
[1.403s] copying gps/position_publisher.py -> /home/wojtek/pbl/pbl-ford-ka/ros2_ws/build/gps/build/lib/gps
[1.403s] running install
[1.404s] /usr/lib/python3/dist-packages/setuptools/command/install.py:34: SetuptoolsDeprecationWarning: setup.py install is deprecated. Use build and pip and other standards-based tools.
[1.404s]   warnings.warn(
[1.404s] running install_lib
[1.405s] copying /home/wojtek/pbl/pbl-ford-ka/ros2_ws/build/gps/build/lib/gps/ka_utils.py -> /home/wojtek/pbl/pbl-ford-ka/ros2_ws/install/gps/lib/python3.10/site-packages/gps
[1.406s] copying /home/wojtek/pbl/pbl-ford-ka/ros2_ws/build/gps/build/lib/gps/position_subscriber.py -> /home/wojtek/pbl/pbl-ford-ka/ros2_ws/install/gps/lib/python3.10/site-packages/gps
[1.406s] copying /home/wojtek/pbl/pbl-ford-ka/ros2_ws/build/gps/build/lib/gps/position_publisher.py -> /home/wojtek/pbl/pbl-ford-ka/ros2_ws/install/gps/lib/python3.10/site-packages/gps
[1.407s] byte-compiling /home/wojtek/pbl/pbl-ford-ka/ros2_ws/install/gps/lib/python3.10/site-packages/gps/ka_utils.py to ka_utils.cpython-310.pyc
[1.408s] byte-compiling /home/wojtek/pbl/pbl-ford-ka/ros2_ws/install/gps/lib/python3.10/site-packages/gps/position_subscriber.py to position_subscriber.cpython-310.pyc
[1.408s] byte-compiling /home/wojtek/pbl/pbl-ford-ka/ros2_ws/install/gps/lib/python3.10/site-packages/gps/position_publisher.py to position_publisher.cpython-310.pyc
[1.409s] running install_data
[1.410s] running install_egg_info
[1.412s] removing '/home/wojtek/pbl/pbl-ford-ka/ros2_ws/install/gps/lib/python3.10/site-packages/gps-0.0.0-py3.10.egg-info' (and everything under it)
[1.413s] Copying ../../build/gps/gps.egg-info to /home/wojtek/pbl/pbl-ford-ka/ros2_ws/install/gps/lib/python3.10/site-packages/gps-0.0.0-py3.10.egg-info
[1.414s] running install_scripts
[1.468s] Installing listener script to /home/wojtek/pbl/pbl-ford-ka/ros2_ws/install/gps/lib/gps
[1.468s] Installing talker script to /home/wojtek/pbl/pbl-ford-ka/ros2_ws/install/gps/lib/gps
[1.468s] writing list of installed files to '/home/wojtek/pbl/pbl-ford-ka/ros2_ws/build/gps/install.log'
[1.491s] Invoked command in '/home/wojtek/pbl/pbl-ford-ka/ros2_ws/src/gps' returned '0': PYTHONPATH=/home/wojtek/pbl/pbl-ford-ka/ros2_ws/build/gps/prefix_override:/home/wojtek/pbl/pbl-ford-ka/ros2_ws/install/gps/lib/python3.10/site-packages:${PYTHONPATH} /usr/bin/python3 setup.py egg_info --egg-base ../../build/gps build --build-base /home/wojtek/pbl/pbl-ford-ka/ros2_ws/build/gps/build install --record /home/wojtek/pbl/pbl-ford-ka/ros2_ws/build/gps/install.log --single-version-externally-managed
