[1.232s] Invoking command in '/home/wojtek/pbl/pbl-ford-ka/ros2_ws/src/gps': PYTHONPATH=/home/wojtek/pbl/pbl-ford-ka/ros2_ws/build/gps/prefix_override:/home/wojtek/pbl/pbl-ford-ka/ros2_ws/install/gps/lib/python3.10/site-packages:${PYTHONPATH} /usr/bin/python3 setup.py egg_info --egg-base ../../build/gps build --build-base /home/wojtek/pbl/pbl-ford-ka/ros2_ws/build/gps/build install --record /home/wojtek/pbl/pbl-ford-ka/ros2_ws/build/gps/install.log --single-version-externally-managed
[1.670s] running egg_info
[1.670s] creating ../../build/gps/gps.egg-info
[1.671s] writing ../../build/gps/gps.egg-info/PKG-INFO
[1.671s] writing dependency_links to ../../build/gps/gps.egg-info/dependency_links.txt
[1.671s] writing entry points to ../../build/gps/gps.egg-info/entry_points.txt
[1.671s] writing requirements to ../../build/gps/gps.egg-info/requires.txt
[1.671s] writing top-level names to ../../build/gps/gps.egg-info/top_level.txt
[1.672s] writing manifest file '../../build/gps/gps.egg-info/SOURCES.txt'
[1.675s] reading manifest file '../../build/gps/gps.egg-info/SOURCES.txt'
[1.676s] writing manifest file '../../build/gps/gps.egg-info/SOURCES.txt'
[1.676s] running build
[1.677s] running build_py
[1.677s] creating /home/wojtek/pbl/pbl-ford-ka/ros2_ws/build/gps/build
[1.677s] creating /home/wojtek/pbl/pbl-ford-ka/ros2_ws/build/gps/build/lib
[1.677s] creating /home/wojtek/pbl/pbl-ford-ka/ros2_ws/build/gps/build/lib/gps
[1.677s] copying gps/__init__.py -> /home/wojtek/pbl/pbl-ford-ka/ros2_ws/build/gps/build/lib/gps
[1.678s] copying gps/position_subscriber.py -> /home/wojtek/pbl/pbl-ford-ka/ros2_ws/build/gps/build/lib/gps
[1.678s] copying gps/position_publisher.py -> /home/wojtek/pbl/pbl-ford-ka/ros2_ws/build/gps/build/lib/gps
[1.678s] /usr/lib/python3/dist-packages/setuptools/command/install.py:34: SetuptoolsDeprecationWarning: setup.py install is deprecated. Use build and pip and other standards-based tools.
[1.678s]   warnings.warn(
[1.678s] running install
[1.679s] running install_lib
[1.680s] creating /home/wojtek/pbl/pbl-ford-ka/ros2_ws/install/gps/lib/python3.10/site-packages/gps
[1.683s] copying /home/wojtek/pbl/pbl-ford-ka/ros2_ws/build/gps/build/lib/gps/__init__.py -> /home/wojtek/pbl/pbl-ford-ka/ros2_ws/install/gps/lib/python3.10/site-packages/gps
[1.685s] copying /home/wojtek/pbl/pbl-ford-ka/ros2_ws/build/gps/build/lib/gps/position_subscriber.py -> /home/wojtek/pbl/pbl-ford-ka/ros2_ws/install/gps/lib/python3.10/site-packages/gps
[1.685s] copying /home/wojtek/pbl/pbl-ford-ka/ros2_ws/build/gps/build/lib/gps/position_publisher.py -> /home/wojtek/pbl/pbl-ford-ka/ros2_ws/install/gps/lib/python3.10/site-packages/gps
[1.685s] byte-compiling /home/wojtek/pbl/pbl-ford-ka/ros2_ws/install/gps/lib/python3.10/site-packages/gps/__init__.py to __init__.cpython-310.pyc
[1.685s] byte-compiling /home/wojtek/pbl/pbl-ford-ka/ros2_ws/install/gps/lib/python3.10/site-packages/gps/position_subscriber.py to position_subscriber.cpython-310.pyc
[1.686s] byte-compiling /home/wojtek/pbl/pbl-ford-ka/ros2_ws/install/gps/lib/python3.10/site-packages/gps/position_publisher.py to position_publisher.cpython-310.pyc
[1.686s] running install_data
[1.686s] creating /home/wojtek/pbl/pbl-ford-ka/ros2_ws/install/gps/share/ament_index
[1.686s] creating /home/wojtek/pbl/pbl-ford-ka/ros2_ws/install/gps/share/ament_index/resource_index
[1.686s] creating /home/wojtek/pbl/pbl-ford-ka/ros2_ws/install/gps/share/ament_index/resource_index/packages
[1.686s] copying resource/gps -> /home/wojtek/pbl/pbl-ford-ka/ros2_ws/install/gps/share/ament_index/resource_index/packages
[1.687s] copying package.xml -> /home/wojtek/pbl/pbl-ford-ka/ros2_ws/install/gps/share/gps
[1.687s] running install_egg_info
[1.688s] Copying ../../build/gps/gps.egg-info to /home/wojtek/pbl/pbl-ford-ka/ros2_ws/install/gps/lib/python3.10/site-packages/gps-0.0.0-py3.10.egg-info
[1.690s] running install_scripts
[1.731s] Installing listener script to /home/wojtek/pbl/pbl-ford-ka/ros2_ws/install/gps/lib/gps
[1.731s] Installing talker script to /home/wojtek/pbl/pbl-ford-ka/ros2_ws/install/gps/lib/gps
[1.732s] writing list of installed files to '/home/wojtek/pbl/pbl-ford-ka/ros2_ws/build/gps/install.log'
[1.813s] Invoked command in '/home/wojtek/pbl/pbl-ford-ka/ros2_ws/src/gps' returned '0': PYTHONPATH=/home/wojtek/pbl/pbl-ford-ka/ros2_ws/build/gps/prefix_override:/home/wojtek/pbl/pbl-ford-ka/ros2_ws/install/gps/lib/python3.10/site-packages:${PYTHONPATH} /usr/bin/python3 setup.py egg_info --egg-base ../../build/gps build --build-base /home/wojtek/pbl/pbl-ford-ka/ros2_ws/build/gps/build install --record /home/wojtek/pbl/pbl-ford-ka/ros2_ws/build/gps/install.log --single-version-externally-managed
